<?xml version="1.0" encoding="UTF-8"?>
<!-- Generated by org.testng.reporters.JUnitXMLReporter -->
<testsuite hostname="Oms-MacBook-Air.local" ignored="0" name="Default test" tests="4" failures="0" timestamp="2020-11-27T13:20:24 EST" time="40.755" errors="0">
  <testcase name="check_signin_test_correct" time="4.825" classname="Main.MainClass"/>
  <testcase name="select_product" time="17.229" classname="Main.MainClass"/>
  <testcase name="check_add_to_cart_item" time="7.346" classname="Main.MainClass"/>
  <testcase name="check_logout_correct" time="1.632" classname="Main.MainClass"/>
</testsuite> <!-- Default test -->
